process.env.NODE_ENV devel
config.dbconnection : mongodb://gseytryhdfgd:ghdftdetyhfdfrrt@192.168.1.75:15897/greygdfhdf
2096
(node:21516) DeprecationWarning: current Server Discovery and Monitoring engine is deprecated, and will be removed in a future version. To use the new Server Discover and Monitoring engine, pass option { useUnifiedTopology: true } to the MongoClient constructor.
Express server running on port 2096
Mongoose default connection open to mongodb://gseytryhdfgd:ghdftdetyhfdfrrt@192.168.1.75:15897/greygdfhdf
Mongoose default connection open to DATEWed Nov 13 2019 15:25:04 GMT+0530 (India Standard Time)
connection successful
[ { _id: 5ca32fe67e426d406a8f56d4, currencySymbol: 'ETH' },
  { _id: 5d8c736a9113ae20e22eb139, currencySymbol: 'OMG' },
  { _id: 5dbfc16d0960b8233b740285, currencySymbol: 'BAT' } ] 'resDatafromethhhhhhhhhhhhhhhhh'
5ca3310f7e426d406a8f56d5 'pairidddd' 0.02127207 'priceee'
5d8c736a9113ae20e22eb13a 'pairidddd' 0.0001109 'priceee'
5d8c736a9113ae20e22eb13b 'pairidddd' 0.00521341 'priceee'
5dbfc16d0960b8233b740286 'pairidddd' 0.00002763 'priceee'
5dbfc16d0960b8233b740287 'pairidddd' 0.00129889 'priceee'
1 'frincyreeebecetggggg'
undefined 'frincyreeebecetggggg'
192.09 'frincyreeebecetggggg'
192.09 'frincyreeebecetggggg'
5d8c736a9113ae20e22eb13b 'pairidddd' 0.00520589 'priceee'
769.82 'frincyreeebecetggggg'
769.82 'frincyreeebecetggggg'
5dbfc16d0960b8233b740287 'pairidddd' 0.001299 'priceee'
[ { _id: 5ca32fe67e426d406a8f56d4, currencySymbol: 'ETH' },
  { _id: 5d8c736a9113ae20e22eb139, currencySymbol: 'OMG' },
  { _id: 5dbfc16d0960b8233b740285, currencySymbol: 'BAT' } ] 'resDatafromethhhhhhhhhhhhhhhhh'
1 'frincyreeebecetggggg'
undefined 'frincyreeebecetggggg'
192.05 'frincyreeebecetggggg'
192.05 'frincyreeebecetggggg'
5d8c736a9113ae20e22eb13b 'pairidddd' 0.00520698 'priceee'
770.09 'frincyreeebecetggggg'
770.09 'frincyreeebecetggggg'
5dbfc16d0960b8233b740287 'pairidddd' 0.00129855 'priceee'
5ca3310f7e426d406a8f56d5 'pairidddd' 0.02127207 'priceee'
5d8c736a9113ae20e22eb13a 'pairidddd' 0.0001108 'priceee'
5d8c736a9113ae20e22eb13b 'pairidddd' 0.00520871 'priceee'
5dbfc16d0960b8233b740286 'pairidddd' 0.00002762 'priceee'
5dbfc16d0960b8233b740287 'pairidddd' 0.00129842 'priceee'
[ { _id: 5ca32fe67e426d406a8f56d4, currencySymbol: 'ETH' },
  { _id: 5d8c736a9113ae20e22eb139, currencySymbol: 'OMG' },
  { _id: 5dbfc16d0960b8233b740285, currencySymbol: 'BAT' } ] 'resDatafromethhhhhhhhhhhhhhhhh'
1 'frincyreeebecetggggg'
undefined 'frincyreeebecetggggg'
191.9 'frincyreeebecetggggg'
191.9 'frincyreeebecetggggg'
5d8c736a9113ae20e22eb13b 'pairidddd' 0.00521105 'priceee'
770.37 'frincyreeebecetggggg'
770.37 'frincyreeebecetggggg'
5dbfc16d0960b8233b740287 'pairidddd' 0.00129808 'priceee'
5ca3310f7e426d406a8f56d5 'pairidddd' 0.02127207 'priceee'
5d8c736a9113ae20e22eb13a 'pairidddd' 0.000111 'priceee'
5d8c736a9113ae20e22eb13b 'pairidddd' 0.00521811 'priceee'
5dbfc16d0960b8233b740286 'pairidddd' 0.00002761 'priceee'
5dbfc16d0960b8233b740287 'pairidddd' 0.00129795 'priceee'
[ { _id: 5ca32fe67e426d406a8f56d4, currencySymbol: 'ETH' },
  { _id: 5d8c736a9113ae20e22eb139, currencySymbol: 'OMG' },
  { _id: 5dbfc16d0960b8233b740285, currencySymbol: 'BAT' } ] 'resDatafromethhhhhhhhhhhhhhhhh'
5ca3310f7e426d406a8f56d5 'pairidddd' 0.02127207 'priceee'
5d8c736a9113ae20e22eb13a 'pairidddd' 0.000111 'priceee'
5d8c736a9113ae20e22eb13b 'pairidddd' 0.00521811 'priceee'
5dbfc16d0960b8233b740286 'pairidddd' 0.00002764 'priceee'
5dbfc16d0960b8233b740287 'pairidddd' 0.00129936 'priceee'
1 'frincyreeebecetggggg'
undefined 'frincyreeebecetggggg'
191.86 'frincyreeebecetggggg'
191.86 'frincyreeebecetggggg'
5d8c736a9113ae20e22eb13b 'pairidddd' 0.00521213 'priceee'
769.54 'frincyreeebecetggggg'
769.54 'frincyreeebecetggggg'
5dbfc16d0960b8233b740287 'pairidddd' 0.00129948 'priceee'
[ { _id: 5ca32fe67e426d406a8f56d4, currencySymbol: 'ETH' },
  { _id: 5d8c736a9113ae20e22eb139, currencySymbol: 'OMG' },
  { _id: 5dbfc16d0960b8233b740285, currencySymbol: 'BAT' } ] 'resDatafromethhhhhhhhhhhhhhhhh'
5ca3310f7e426d406a8f56d5 'pairidddd' 0.02128112 'priceee'
5d8c736a9113ae20e22eb13a 'pairidddd' 0.0001111 'priceee'
5d8c736a9113ae20e22eb13b 'pairidddd' 0.00522059 'priceee'
5dbfc16d0960b8233b740286 'pairidddd' 0.00002762 'priceee'
5dbfc16d0960b8233b740287 'pairidddd' 0.00129786 'priceee'
1 'frincyreeebecetggggg'
undefined 'frincyreeebecetggggg'
191.61 'frincyreeebecetggggg'
191.61 'frincyreeebecetggggg'
5d8c736a9113ae20e22eb13b 'pairidddd' 0.00521893 'priceee'
770.46 'frincyreeebecetggggg'
770.46 'frincyreeebecetggggg'
5dbfc16d0960b8233b740287 'pairidddd' 0.00129793 'priceee'
[ { _id: 5ca32fe67e426d406a8f56d4, currencySymbol: 'ETH' },
  { _id: 5d8c736a9113ae20e22eb139, currencySymbol: 'OMG' },
  { _id: 5dbfc16d0960b8233b740285, currencySymbol: 'BAT' } ] 'resDatafromethhhhhhhhhhhhhhhhh'
1 'frincyreeebecetggggg'
undefined 'frincyreeebecetggggg'
191.61 'frincyreeebecetggggg'
191.61 'frincyreeebecetggggg'
5d8c736a9113ae20e22eb13b 'pairidddd' 0.00521893 'priceee'
769.9 'frincyreeebecetggggg'
769.9 'frincyreeebecetggggg'
5dbfc16d0960b8233b740287 'pairidddd' 0.00129887 'priceee'
5ca3310f7e426d406a8f56d5 'pairidddd' 0.02128112 'priceee'
5d8c736a9113ae20e22eb13a 'pairidddd' 0.0001112 'priceee'
5d8c736a9113ae20e22eb13b 'pairidddd' 0.00522529 'priceee'
5dbfc16d0960b8233b740286 'pairidddd' 0.00002764 'priceee'
5dbfc16d0960b8233b740287 'pairidddd' 0.0012988 'priceee'
[ { _id: 5ca32fe67e426d406a8f56d4, currencySymbol: 'ETH' },
  { _id: 5d8c736a9113ae20e22eb139, currencySymbol: 'OMG' },
  { _id: 5dbfc16d0960b8233b740285, currencySymbol: 'BAT' } ] 'resDatafromethhhhhhhhhhhhhhhhh'
5ca3310f7e426d406a8f56d5 'pairidddd' 0.02129019 'priceee'
5d8c736a9113ae20e22eb13a 'pairidddd' 0.0001112 'priceee'
5d8c736a9113ae20e22eb13b 'pairidddd' 0.00522306 'priceee'
5dbfc16d0960b8233b740286 'pairidddd' 0.00002763 'priceee'
5dbfc16d0960b8233b740287 'pairidddd' 0.00129778 'priceee'
1 'frincyreeebecetggggg'
undefined 'frincyreeebecetggggg'
191.57 'frincyreeebecetggggg'
191.57 'frincyreeebecetggggg'
5d8c736a9113ae20e22eb13b 'pairidddd' 0.00522002 'priceee'
770.54 'frincyreeebecetggggg'
770.54 'frincyreeebecetggggg'
5dbfc16d0960b8233b740287 'pairidddd' 0.00129779 'priceee'
[ { _id: 5ca32fe67e426d406a8f56d4, currencySymbol: 'ETH' },
  { _id: 5d8c736a9113ae20e22eb139, currencySymbol: 'OMG' },
  { _id: 5dbfc16d0960b8233b740285, currencySymbol: 'BAT' } ] 'resDatafromethhhhhhhhhhhhhhhhh'
1 'frincyreeebecetggggg'
undefined 'frincyreeebecetggggg'
191.5 'frincyreeebecetggggg'
191.5 'frincyreeebecetggggg'
5d8c736a9113ae20e22eb13b 'pairidddd' 0.00522193 'priceee'
770.54 'frincyreeebecetggggg'
770.54 'frincyreeebecetggggg'
5dbfc16d0960b8233b740287 'pairidddd' 0.00129779 'priceee'
5ca3310f7e426d406a8f56d5 'pairidddd' 0.02129019 'priceee'
5d8c736a9113ae20e22eb13a 'pairidddd' 0.0001112 'priceee'
5d8c736a9113ae20e22eb13b 'pairidddd' 0.00522306 'priceee'
5dbfc16d0960b8233b740286 'pairidddd' 0.00002763 'priceee'
5dbfc16d0960b8233b740287 'pairidddd' 0.00129778 'priceee'
[ { _id: 5ca32fe67e426d406a8f56d4, currencySymbol: 'ETH' },
  { _id: 5d8c736a9113ae20e22eb139, currencySymbol: 'OMG' },
  { _id: 5dbfc16d0960b8233b740285, currencySymbol: 'BAT' } ] 'resDatafromethhhhhhhhhhhhhhhhh'
5ca3310f7e426d406a8f56d5 'pairidddd' 0.02130833 'priceee'
5d8c736a9113ae20e22eb13a 'pairidddd' 0.0001112 'priceee'
5d8c736a9113ae20e22eb13b 'pairidddd' 0.00521861 'priceee'
5dbfc16d0960b8233b740286 'pairidddd' 0.00002763 'priceee'
5dbfc16d0960b8233b740287 'pairidddd' 0.00129668 'priceee'
1 'frincyreeebecetggggg'
undefined 'frincyreeebecetggggg'
191.39 'frincyreeebecetggggg'
191.39 'frincyreeebecetggggg'
5d8c736a9113ae20e22eb13b 'pairidddd' 0.00522493 'priceee'
771.26 'frincyreeebecetggggg'
771.26 'frincyreeebecetggggg'
5dbfc16d0960b8233b740287 'pairidddd' 0.00129658 'priceee'
[ { _id: 5ca32fe67e426d406a8f56d4, currencySymbol: 'ETH' },
  { _id: 5d8c736a9113ae20e22eb139, currencySymbol: 'OMG' },
  { _id: 5dbfc16d0960b8233b740285, currencySymbol: 'BAT' } ] 'resDatafromethhhhhhhhhhhhhhhhh'
1 'frincyreeebecetggggg'
undefined 'frincyreeebecetggggg'
191.5 'frincyreeebecetggggg'
191.5 'frincyreeebecetggggg'
5d8c736a9113ae20e22eb13b 'pairidddd' 0.00522193 'priceee'
771.26 'frincyreeebecetggggg'
771.26 'frincyreeebecetggggg'
5dbfc16d0960b8233b740287 'pairidddd' 0.00129658 'priceee'
5ca3310f7e426d406a8f56d5 'pairidddd' 0.02130833 'priceee'
5d8c736a9113ae20e22eb13a 'pairidddd' 0.0001112 'priceee'
5d8c736a9113ae20e22eb13b 'pairidddd' 0.00521861 'priceee'
5dbfc16d0960b8233b740286 'pairidddd' 0.00002763 'priceee'
5dbfc16d0960b8233b740287 'pairidddd' 0.00129668 'priceee'
[ { _id: 5ca32fe67e426d406a8f56d4, currencySymbol: 'ETH' },
  { _id: 5d8c736a9113ae20e22eb139, currencySymbol: 'OMG' },
  { _id: 5dbfc16d0960b8233b740285, currencySymbol: 'BAT' } ] 'resDatafromethhhhhhhhhhhhhhhhh'
5ca3310f7e426d406a8f56d5 'pairidddd' 0.02129019 'priceee'
5d8c736a9113ae20e22eb13a 'pairidddd' 0.0001111 'priceee'
5d8c736a9113ae20e22eb13b 'pairidddd' 0.00521837 'priceee'
5dbfc16d0960b8233b740286 'pairidddd' 0.00002763 'priceee'
5dbfc16d0960b8233b740287 'pairidddd' 0.00129778 'priceee'
1 'frincyreeebecetggggg'
undefined 'frincyreeebecetggggg'
191.68 'frincyreeebecetggggg'
191.68 'frincyreeebecetggggg'
5d8c736a9113ae20e22eb13b 'pairidddd' 0.00521703 'priceee'
770.54 'frincyreeebecetggggg'
770.54 'frincyreeebecetggggg'
5dbfc16d0960b8233b740287 'pairidddd' 0.00129779 'priceee'
[ { _id: 5ca32fe67e426d406a8f56d4, currencySymbol: 'ETH' },
  { _id: 5d8c736a9113ae20e22eb139, currencySymbol: 'OMG' },
  { _id: 5dbfc16d0960b8233b740285, currencySymbol: 'BAT' } ] 'resDatafromethhhhhhhhhhhhhhhhh'
5ca3310f7e426d406a8f56d5 'pairidddd' 0.02130833 'priceee'
5d8c736a9113ae20e22eb13a 'pairidddd' 0.0001111 'priceee'
5d8c736a9113ae20e22eb13b 'pairidddd' 0.00521392 'priceee'
5dbfc16d0960b8233b740286 'pairidddd' 0.00002759 'priceee'
5dbfc16d0960b8233b740287 'pairidddd' 0.0012948 'priceee'
1 'frincyreeebecetggggg'
undefined 'frincyreeebecetggggg'
191.86 'frincyreeebecetggggg'
191.86 'frincyreeebecetggggg'
5d8c736a9113ae20e22eb13b 'pairidddd' 0.00521213 'priceee'
772.3 'frincyreeebecetggggg'
772.3 'frincyreeebecetggggg'
5dbfc16d0960b8233b740287 'pairidddd' 0.00129483 'priceee'
[ { _id: 5ca32fe67e426d406a8f56d4, currencySymbol: 'ETH' },
  { _id: 5d8c736a9113ae20e22eb139, currencySymbol: 'OMG' },
  { _id: 5dbfc16d0960b8233b740285, currencySymbol: 'BAT' } ] 'resDatafromethhhhhhhhhhhhhhhhh'
5ca3310f7e426d406a8f56d5 'pairidddd' 0.02134016 'priceee'
5d8c736a9113ae20e22eb13a 'pairidddd' 0.0001112 'priceee'
5d8c736a9113ae20e22eb13b 'pairidddd' 0.00521083 'priceee'
5dbfc16d0960b8233b740286 'pairidddd' 0.0000276 'priceee'
5dbfc16d0960b8233b740287 'pairidddd' 0.00129334 'priceee'
1 'frincyreeebecetggggg'
undefined 'frincyreeebecetggggg'
192.01 'frincyreeebecetggggg'
192.01 'frincyreeebecetggggg'
5d8c736a9113ae20e22eb13b 'pairidddd' 0.00520806 'priceee'
773.55 'frincyreeebecetggggg'
773.55 'frincyreeebecetggggg'
5dbfc16d0960b8233b740287 'pairidddd' 0.00129274 'priceee'
[ { _id: 5ca32fe67e426d406a8f56d4, currencySymbol: 'ETH' },
  { _id: 5d8c736a9113ae20e22eb139, currencySymbol: 'OMG' },
  { _id: 5dbfc16d0960b8233b740285, currencySymbol: 'BAT' } ] 'resDatafromethhhhhhhhhhhhhhhhh'
1 'frincyreeebecetggggg'
undefined 'frincyreeebecetggggg'
192.01 'frincyreeebecetggggg'
192.01 'frincyreeebecetggggg'
5d8c736a9113ae20e22eb13b 'pairidddd' 0.00520806 'priceee'
773.19 'frincyreeebecetggggg'
773.19 'frincyreeebecetggggg'
5dbfc16d0960b8233b740287 'pairidddd' 0.00129334 'priceee'
5ca3310f7e426d406a8f56d5 'pairidddd' 0.02134016 'priceee'
5d8c736a9113ae20e22eb13a 'pairidddd' 0.0001112 'priceee'
5d8c736a9113ae20e22eb13b 'pairidddd' 0.00521083 'priceee'
5dbfc16d0960b8233b740286 'pairidddd' 0.0000276 'priceee'
5dbfc16d0960b8233b740287 'pairidddd' 0.00129334 'priceee'
[ { _id: 5ca32fe67e426d406a8f56d4, currencySymbol: 'ETH' },
  { _id: 5d8c736a9113ae20e22eb139, currencySymbol: 'OMG' },
  { _id: 5dbfc16d0960b8233b740285, currencySymbol: 'BAT' } ] 'resDatafromethhhhhhhhhhhhhhhhh'
1 'frincyreeebecetggggg'
undefined 'frincyreeebecetggggg'
191.9 'frincyreeebecetggggg'
191.9 'frincyreeebecetggggg'
5d8c736a9113ae20e22eb13b 'pairidddd' 0.00521105 'priceee'
773.63 'frincyreeebecetggggg'
773.63 'frincyreeebecetggggg'
5dbfc16d0960b8233b740287 'pairidddd' 0.00129261 'priceee'
5ca3310f7e426d406a8f56d5 'pairidddd' 0.02135839 'priceee'
5d8c736a9113ae20e22eb13a 'pairidddd' 0.0001114 'priceee'
5d8c736a9113ae20e22eb13b 'pairidddd' 0.00521575 'priceee'
5dbfc16d0960b8233b740286 'pairidddd' 0.00002761 'priceee'
5dbfc16d0960b8233b740287 'pairidddd' 0.0012927 'priceee'
[ { _id: 5ca32fe67e426d406a8f56d4, currencySymbol: 'ETH' },
  { _id: 5d8c736a9113ae20e22eb139, currencySymbol: 'OMG' },
  { _id: 5dbfc16d0960b8233b740285, currencySymbol: 'BAT' } ] 'resDatafromethhhhhhhhhhhhhhhhh'
1 'frincyreeebecetggggg'
undefined 'frincyreeebecetggggg'
191.72 'frincyreeebecetggggg'
191.72 'frincyreeebecetggggg'
5d8c736a9113ae20e22eb13b 'pairidddd' 0.00521594 'priceee'
772.51 'frincyreeebecetggggg'
772.51 'frincyreeebecetggggg'
5dbfc16d0960b8233b740287 'pairidddd' 0.00129448 'priceee'
5ca3310f7e426d406a8f56d5 'pairidddd' 0.02135839 'priceee'
5d8c736a9113ae20e22eb13a 'pairidddd' 0.0001115 'priceee'
5d8c736a9113ae20e22eb13b 'pairidddd' 0.00522043 'priceee'
5dbfc16d0960b8233b740286 'pairidddd' 0.00002764 'priceee'
5dbfc16d0960b8233b740287 'pairidddd' 0.0012941 'priceee'
[ { _id: 5ca32fe67e426d406a8f56d4, currencySymbol: 'ETH' },
  { _id: 5d8c736a9113ae20e22eb139, currencySymbol: 'OMG' },
  { _id: 5dbfc16d0960b8233b740285, currencySymbol: 'BAT' } ] 'resDatafromethhhhhhhhhhhhhhhhh'
1 'frincyreeebecetggggg'
undefined 'frincyreeebecetggggg'
191.28 'frincyreeebecetggggg'
191.28 'frincyreeebecetggggg'
5d8c736a9113ae20e22eb13b 'pairidddd' 0.00522794 'priceee'
771.76 'frincyreeebecetggggg'
771.76 'frincyreeebecetggggg'
5dbfc16d0960b8233b740287 'pairidddd' 0.00129574 'priceee'
5ca3310f7e426d406a8f56d5 'pairidddd' 0.02137209 'priceee'
5d8c736a9113ae20e22eb13a 'pairidddd' 0.0001117 'priceee'
5d8c736a9113ae20e22eb13b 'pairidddd' 0.00522644 'priceee'
5dbfc16d0960b8233b740286 'pairidddd' 0.00002769 'priceee'
5dbfc16d0960b8233b740287 'pairidddd' 0.00129562 'priceee'
[ { _id: 5ca32fe67e426d406a8f56d4, currencySymbol: 'ETH' },
  { _id: 5d8c736a9113ae20e22eb139, currencySymbol: 'OMG' },
  { _id: 5dbfc16d0960b8233b740285, currencySymbol: 'BAT' } ] 'resDatafromethhhhhhhhhhhhhhhhh'
1 'frincyreeebecetggggg'
undefined 'frincyreeebecetggggg'
191.2 'frincyreeebecetggggg'
191.2 'frincyreeebecetggggg'
5d8c736a9113ae20e22eb13b 'pairidddd' 0.00523013 'priceee'
771.84 'frincyreeebecetggggg'
771.84 'frincyreeebecetggggg'
5dbfc16d0960b8233b740287 'pairidddd' 0.00129561 'priceee'
5ca3310f7e426d406a8f56d5 'pairidddd' 0.02138123 'priceee'
5d8c736a9113ae20e22eb13a 'pairidddd' 0.0001117 'priceee'
5d8c736a9113ae20e22eb13b 'pairidddd' 0.00522421 'priceee'
5dbfc16d0960b8233b740286 'pairidddd' 0.0000277 'priceee'
5dbfc16d0960b8233b740287 'pairidddd' 0.00129553 'priceee'
[ { _id: 5ca32fe67e426d406a8f56d4, currencySymbol: 'ETH' },
  { _id: 5d8c736a9113ae20e22eb139, currencySymbol: 'OMG' },
  { _id: 5dbfc16d0960b8233b740285, currencySymbol: 'BAT' } ] 'resDatafromethhhhhhhhhhhhhhhhh'
1 'frincyreeebecetggggg'
undefined 'frincyreeebecetggggg'
191.09 'frincyreeebecetggggg'
191.09 'frincyreeebecetggggg'
5d8c736a9113ae20e22eb13b 'pairidddd' 0.00523314 'priceee'
772.76 'frincyreeebecetggggg'
772.76 'frincyreeebecetggggg'
5dbfc16d0960b8233b740287 'pairidddd' 0.00129406 'priceee'
5ca3310f7e426d406a8f56d5 'pairidddd' 0.02139037 'priceee'
5d8c736a9113ae20e22eb13a 'pairidddd' 0.0001119 'priceee'
5d8c736a9113ae20e22eb13b 'pairidddd' 0.00523133 'priceee'
5dbfc16d0960b8233b740286 'pairidddd' 0.00002768 'priceee'
5dbfc16d0960b8233b740287 'pairidddd' 0.00129404 'priceee'
[ { _id: 5ca32fe67e426d406a8f56d4, currencySymbol: 'ETH' },
  { _id: 5d8c736a9113ae20e22eb139, currencySymbol: 'OMG' },
  { _id: 5dbfc16d0960b8233b740285, currencySymbol: 'BAT' } ] 'resDatafromethhhhhhhhhhhhhhhhh'
1 'frincyreeebecetggggg'
undefined 'frincyreeebecetggggg'
191.09 'frincyreeebecetggggg'
191.09 'frincyreeebecetggggg'
5d8c736a9113ae20e22eb13b 'pairidddd' 0.00523314 'priceee'
772.48 'frincyreeebecetggggg'
772.48 'frincyreeebecetggggg'
5dbfc16d0960b8233b740287 'pairidddd' 0.00129453 'priceee'
5ca3310f7e426d406a8f56d5 'pairidddd' 0.02139037 'priceee'
5d8c736a9113ae20e22eb13a 'pairidddd' 0.0001119 'priceee'
5d8c736a9113ae20e22eb13b 'pairidddd' 0.00523133 'priceee'
5dbfc16d0960b8233b740286 'pairidddd' 0.00002769 'priceee'
5dbfc16d0960b8233b740287 'pairidddd' 0.00129451 'priceee'
[ { _id: 5ca32fe67e426d406a8f56d4, currencySymbol: 'ETH' },
  { _id: 5d8c736a9113ae20e22eb139, currencySymbol: 'OMG' },
  { _id: 5dbfc16d0960b8233b740285, currencySymbol: 'BAT' } ] 'resDatafromethhhhhhhhhhhhhhhhh'
5ca3310f7e426d406a8f56d5 'pairidddd' 0.02139037 'priceee'
5d8c736a9113ae20e22eb13a 'pairidddd' 0.0001115 'priceee'
5d8c736a9113ae20e22eb13b 'pairidddd' 0.00521262 'priceee'
5dbfc16d0960b8233b740286 'pairidddd' 0.00002769 'priceee'
5dbfc16d0960b8233b740287 'pairidddd' 0.00129451 'priceee'
1 'frincyreeebecetggggg'
undefined 'frincyreeebecetggggg'
191.5 'frincyreeebecetggggg'
191.5 'frincyreeebecetggggg'
5d8c736a9113ae20e22eb13b 'pairidddd' 0.00522193 'priceee'
772.48 'frincyreeebecetggggg'
772.48 'frincyreeebecetggggg'
5dbfc16d0960b8233b740287 'pairidddd' 0.00129453 'priceee'
[ { _id: 5ca32fe67e426d406a8f56d4, currencySymbol: 'ETH' },
  { _id: 5d8c736a9113ae20e22eb139, currencySymbol: 'OMG' },
  { _id: 5dbfc16d0960b8233b740285, currencySymbol: 'BAT' } ] 'resDatafromethhhhhhhhhhhhhhhhh'
5ca3310f7e426d406a8f56d5 'pairidddd' 0.02139037 'priceee'
5d8c736a9113ae20e22eb13a 'pairidddd' 0.0001117 'priceee'
5d8c736a9113ae20e22eb13b 'pairidddd' 0.00522198 'priceee'
5dbfc16d0960b8233b740286 'pairidddd' 0.00002771 'priceee'
5dbfc16d0960b8233b740287 'pairidddd' 0.00129544 'priceee'
1 'frincyreeebecetggggg'
undefined 'frincyreeebecetggggg'
191.39 'frincyreeebecetggggg'
191.39 'frincyreeebecetggggg'
5d8c736a9113ae20e22eb13b 'pairidddd' 0.00522493 'priceee'
771.92 'frincyreeebecetggggg'
771.92 'frincyreeebecetggggg'
5dbfc16d0960b8233b740287 'pairidddd' 0.00129547 'priceee'
[ { _id: 5ca32fe67e426d406a8f56d4, currencySymbol: 'ETH' },
  { _id: 5d8c736a9113ae20e22eb139, currencySymbol: 'OMG' },
  { _id: 5dbfc16d0960b8233b740285, currencySymbol: 'BAT' } ] 'resDatafromethhhhhhhhhhhhhhhhh'
1 'frincyreeebecetggggg'
undefined 'frincyreeebecetggggg'
191.39 'frincyreeebecetggggg'
191.39 'frincyreeebecetggggg'
5d8c736a9113ae20e22eb13b 'pairidddd' 0.00522493 'priceee'
771.92 'frincyreeebecetggggg'
771.92 'frincyreeebecetggggg'
5dbfc16d0960b8233b740287 'pairidddd' 0.00129547 'priceee'
5ca3310f7e426d406a8f56d5 'pairidddd' 0.02139037 'priceee'
5d8c736a9113ae20e22eb13a 'pairidddd' 0.0001116 'priceee'
5d8c736a9113ae20e22eb13b 'pairidddd' 0.0052173 'priceee'
5dbfc16d0960b8233b740286 'pairidddd' 0.00002771 'priceee'
5dbfc16d0960b8233b740287 'pairidddd' 0.00129544 'priceee'
[ { _id: 5ca32fe67e426d406a8f56d4, currencySymbol: 'ETH' },
  { _id: 5d8c736a9113ae20e22eb139, currencySymbol: 'OMG' },
  { _id: 5dbfc16d0960b8233b740285, currencySymbol: 'BAT' } ] 'resDatafromethhhhhhhhhhhhhhhhh'
5ca3310f7e426d406a8f56d5 'pairidddd' 0.02138123 'priceee'
5d8c736a9113ae20e22eb13a 'pairidddd' 0.0001115 'priceee'
5d8c736a9113ae20e22eb13b 'pairidddd' 0.00521485 'priceee'
5dbfc16d0960b8233b740286 'pairidddd' 0.00002771 'priceee'
5dbfc16d0960b8233b740287 'pairidddd' 0.001296 'priceee'
1 'frincyreeebecetggggg'
undefined 'frincyreeebecetggggg'
191.39 'frincyreeebecetggggg'
191.39 'frincyreeebecetggggg'
5d8c736a9113ae20e22eb13b 'pairidddd' 0.00522493 'priceee'
771.56 'frincyreeebecetggggg'
771.56 'frincyreeebecetggggg'
5dbfc16d0960b8233b740287 'pairidddd' 0.00129608 'priceee'
Mongoose default connection disconnected 2019-11-13T10:19:10.142Z
Mongoose connection disconnected
DB connection: mongodb://gseytryhdfgd:ghdftdetyhfdfrrt@192.168.1.75:15897/greygdfhdf PORT 2095
ContractTrade 6379
(node:18275) DeprecationWarning: current Server Discovery and Monitoring engine is deprecated, and will be removed in a future version. To use the new Server Discover and Monitoring engine, pass option { useUnifiedTopology: true } to the MongoClient constructor.
Express server running on port 2095
Mongoose default connection open to mongodb://gseytryhdfgd:ghdftdetyhfdfrrt@192.168.1.75:15897/greygdfhdf
Mongoose default connection open to DATEFri Nov 29 2019 12:26:35 GMT+0530 (India Standard Time)
connection successful
You have triggered an unhandledRejection, you may have forgotten to catch a Promise rejection:
Error: connect ETIMEDOUT 40.115.22.134:443
    at TCPConnectWrap.afterConnect [as oncomplete] (net.js:1113:14)
Mongoose default connection disconnected 2019-11-29T07:12:18.531Z
Mongoose connection disconnected
